<?xml version="1.0" encoding="UTF-8"?>
<!-- Generated by org.testng.reporters.JUnitReportReporter -->
<testsuite hostname="VM10" name="com.test.email.SpringMailIntegrationTest" tests="3" failures="0" timestamp="26 Jun 2018 13:43:05 GMT" time="0.058" errors="0">
  <testcase name="shouldSendSingleMail" time="0.056" classname="com.test.email.SpringMailIntegrationTest"/>
  <testcase name="test3" time="0.001" classname="com.test.email.SpringMailIntegrationTest"/>
  <testcase name="test2" time="0.001" classname="com.test.email.SpringMailIntegrationTest"/>
</testsuite> <!-- com.test.email.SpringMailIntegrationTest -->
